<?xml version="1.0" encoding="UTF-8" standalone="no"?>
<testsuite errors="0" failures="5" name="io.cucumber.core.plugin.JUnitFormatter" skipped="0" tests="12" time="166.371">
<testcase classname="footer" name="US07_TC01 The user should make sure that the links in any row or column of the links at the bottom of the home page lead to the correct page." time="21.57">
<system-out><![CDATA[Given User goes to url......................................................passed
When User goes to FOOTER....................................................passed
Then The user clicks on a link..............................................passed
And The user verifies the title of the page he is directed to...............passed
And The user closes the page................................................passed
]]></system-out>
</testcase>
<testcase classname="login" name="US01_TC01 User must be able to login to the Site with a valid URL" time="2.02">
<system-out><![CDATA[Given User goes to url......................................................passed
Then The user verifies that at "https://www.amazon.com/"....................passed
And The user closes the page................................................passed
]]></system-out>
</testcase>
<testcase classname="login" name="US02_TC01 The user should be able to login with valid information. (Positive Login)" time="3.067">
<failure message="Keys to send should be a not null CharSequence" type="java.lang.IllegalArgumentException"><![CDATA[Given User goes to url......................................................passed
Then The user clicks the Sign-In button.....................................passed
When User enters valid email................................................failed
Then The user clicks the continue button....................................skipped
When User enters valid password.............................................skipped
Then The user clicks the Sign-In button.....................................skipped
And The user sees the text "Hello,USER".....................................skipped
Then User logs out of account...............................................skipped
And The user closes the page................................................skipped

StackTrace:
java.lang.IllegalArgumentException: Keys to send should be a not null CharSequence
	at org.openqa.selenium.remote.RemoteWebElement.sendKeys(RemoteWebElement.java:92)
	at sun.reflect.NativeMethodAccessorImpl.invoke0(Native Method)
	at sun.reflect.NativeMethodAccessorImpl.invoke(NativeMethodAccessorImpl.java:62)
	at sun.reflect.DelegatingMethodAccessorImpl.invoke(DelegatingMethodAccessorImpl.java:43)
	at java.lang.reflect.Method.invoke(Method.java:498)
	at org.openqa.selenium.support.pagefactory.internal.LocatingElementHandler.invoke(LocatingElementHandler.java:52)
	at com.sun.proxy.$Proxy20.sendKeys(Unknown Source)
	at ui.stepDefinitions.amazonStepDefinitions.userEntersValidEmail(amazonStepDefinitions.java:119)
	at ✽.User enters valid email.(file:///Users/apple-pc/Desktop/CapstoneProject3/src/test/resources/features/ui_features/login.feature:15)
]]></failure>
</testcase>
<testcase classname="login" name="US02_TC02 The user should not be able to login with invalid information. (Negative Login)" time="2.82">
<failure message="Keys to send should be a not null CharSequence" type="java.lang.IllegalArgumentException"><![CDATA[Given User goes to url......................................................passed
Then The user clicks the Sign-In button.....................................passed
When User enters valid email................................................failed
Then The user clicks the continue button....................................skipped
When User enters invalid password...........................................skipped
Then The user clicks the Sign-In button.....................................skipped
And The user closes the page................................................skipped

StackTrace:
java.lang.IllegalArgumentException: Keys to send should be a not null CharSequence
	at org.openqa.selenium.remote.RemoteWebElement.sendKeys(RemoteWebElement.java:92)
	at sun.reflect.NativeMethodAccessorImpl.invoke0(Native Method)
	at sun.reflect.NativeMethodAccessorImpl.invoke(NativeMethodAccessorImpl.java:62)
	at sun.reflect.DelegatingMethodAccessorImpl.invoke(DelegatingMethodAccessorImpl.java:43)
	at java.lang.reflect.Method.invoke(Method.java:498)
	at org.openqa.selenium.support.pagefactory.internal.LocatingElementHandler.invoke(LocatingElementHandler.java:52)
	at com.sun.proxy.$Proxy20.sendKeys(Unknown Source)
	at ui.stepDefinitions.amazonStepDefinitions.userEntersValidEmail(amazonStepDefinitions.java:119)
	at ✽.User enters valid email.(file:///Users/apple-pc/Desktop/CapstoneProject3/src/test/resources/features/ui_features/login.feature:26)
]]></failure>
</testcase>
<testcase classname="login" name="US02_TC03 The user should not be able to login with invalid information. (Negative Login)" time="3.026">
<system-out><![CDATA[Given User goes to url......................................................passed
Then The user clicks the Sign-In button.....................................passed
When User enters invalid email..............................................passed
Then The user clicks the continue button....................................passed
And The user closes the page................................................passed
]]></system-out>
</testcase>
<testcase classname="product" name="US04_TC01 When the user searches for a product, all listed products must contain the searched word" time="7.471">
<system-out><![CDATA[Given User goes to url......................................................passed
When User types the "mango" in the search box...............................passed
Then User verifies that the "mango" he is looking for includes the products listed..passed
And The user closes the page................................................passed
]]></system-out>
</testcase>
<testcase classname="product" name="US04_TC01 When the user searches for a product, all listed products must contain the searched word 2" time="6.072">
<system-out><![CDATA[Given User goes to url......................................................passed
When User types the "nutella" in the search box.............................passed
Then User verifies that the "nutella" he is looking for includes the products listed..passed
And The user closes the page................................................passed
]]></system-out>
</testcase>
<testcase classname="product" name="US04_TC01 When the user searches for a product, all listed products must contain the searched word 3" time="7.437">
<system-out><![CDATA[Given User goes to url......................................................passed
When User types the "suite case" in the search box..........................passed
Then User verifies that the "suite case" he is looking for includes the products listed..passed
And The user closes the page................................................passed
]]></system-out>
</testcase>
<testcase classname="product" name="US05_TC01 User should be able to use filters and sorting in product listing process" time="9.918">
<system-out><![CDATA[Given User goes to url......................................................passed
When User types the "macbook" in the search box.............................passed
Then The user selects the appropriate filter to list the products he has listed..passed
And The user closes the page................................................passed
]]></system-out>
</testcase>
<testcase classname="product" name="US05_TC01 User should be able to use filters and sorting in product listing process 2" time="22.999">
<failure message="element not interactable&#10;  (Session info: chrome=109.0.5414.119)&#10;Build info: version: '4.0.0', revision: '3a21814679'&#10;System info: host: 'apple-pc-MacBook-Air.local', ip: 'fe80:0:0:0:4fe:e3d5:f85e:444b%en0', os.name: 'Mac OS X', os.arch: 'x86_64', os.version: '12.6', java.version: '1.8.0_362'&#10;Driver info: org.openqa.selenium.chrome.ChromeDriver&#10;Command: [768c5e6695dfa0fa385076be74585248, clickElement {id=f3a02b50-0a8a-4dca-9001-bf13017fd47a}]&#10;Capabilities {acceptInsecureCerts: false, browserName: chrome, browserVersion: 109.0.5414.119, chrome: {chromedriverVersion: 109.0.5414.74 (e7c5703604da..., userDataDir: /var/folders/k6/vp2btb213gg...}, goog:chromeOptions: {debuggerAddress: localhost:57194}, javascriptEnabled: true, networkConnectionEnabled: false, pageLoadStrategy: normal, platform: MAC, platformName: MAC, proxy: Proxy(), se:cdp: ws://localhost:57194/devtoo..., se:cdpVersion: 109.0.5414.119, setWindowRect: true, strictFileInteractability: false, timeouts: {implicit: 0, pageLoad: 300000, script: 30000}, unhandledPromptBehavior: dismiss and notify, webauthn:extension:credBlob: true, webauthn:extension:largeBlob: true, webauthn:virtualAuthenticators: true}&#10;Element: [[ChromeDriver: chrome on MAC (768c5e6695dfa0fa385076be74585248)] -&gt; xpath: (//div[@class='a-checkbox a-checkbox-fancy s-navigation-checkbox aok-float-left'])]&#10;Session ID: 768c5e6695dfa0fa385076be74585248" type="org.openqa.selenium.ElementNotInteractableException"><![CDATA[Given User goes to url......................................................passed
When User types the "gaming mouse" in the search box........................passed
Then The user selects the appropriate filter to list the products he has listed..failed
And The user closes the page................................................skipped

StackTrace:
org.openqa.selenium.ElementNotInteractableException: element not interactable
  (Session info: chrome=109.0.5414.119)
Build info: version: '4.0.0', revision: '3a21814679'
System info: host: 'apple-pc-MacBook-Air.local', ip: 'fe80:0:0:0:4fe:e3d5:f85e:444b%en0', os.name: 'Mac OS X', os.arch: 'x86_64', os.version: '12.6', java.version: '1.8.0_362'
Driver info: org.openqa.selenium.chrome.ChromeDriver
Command: [768c5e6695dfa0fa385076be74585248, clickElement {id=f3a02b50-0a8a-4dca-9001-bf13017fd47a}]
Capabilities {acceptInsecureCerts: false, browserName: chrome, browserVersion: 109.0.5414.119, chrome: {chromedriverVersion: 109.0.5414.74 (e7c5703604da..., userDataDir: /var/folders/k6/vp2btb213gg...}, goog:chromeOptions: {debuggerAddress: localhost:57194}, javascriptEnabled: true, networkConnectionEnabled: false, pageLoadStrategy: normal, platform: MAC, platformName: MAC, proxy: Proxy(), se:cdp: ws://localhost:57194/devtoo..., se:cdpVersion: 109.0.5414.119, setWindowRect: true, strictFileInteractability: false, timeouts: {implicit: 0, pageLoad: 300000, script: 30000}, unhandledPromptBehavior: dismiss and notify, webauthn:extension:credBlob: true, webauthn:extension:largeBlob: true, webauthn:virtualAuthenticators: true}
Element: [[ChromeDriver: chrome on MAC (768c5e6695dfa0fa385076be74585248)] -> xpath: (//div[@class='a-checkbox a-checkbox-fancy s-navigation-checkbox aok-float-left'])]
Session ID: 768c5e6695dfa0fa385076be74585248
	at sun.reflect.NativeConstructorAccessorImpl.newInstance0(Native Method)
	at sun.reflect.NativeConstructorAccessorImpl.newInstance(NativeConstructorAccessorImpl.java:62)
	at sun.reflect.DelegatingConstructorAccessorImpl.newInstance(DelegatingConstructorAccessorImpl.java:45)
	at java.lang.reflect.Constructor.newInstance(Constructor.java:423)
	at org.openqa.selenium.remote.codec.w3c.W3CHttpResponseCodec.createException(W3CHttpResponseCodec.java:200)
	at org.openqa.selenium.remote.codec.w3c.W3CHttpResponseCodec.decode(W3CHttpResponseCodec.java:133)
	at org.openqa.selenium.remote.codec.w3c.W3CHttpResponseCodec.decode(W3CHttpResponseCodec.java:53)
	at org.openqa.selenium.remote.HttpCommandExecutor.execute(HttpCommandExecutor.java:184)
	at org.openqa.selenium.remote.service.DriverCommandExecutor.invokeExecute(DriverCommandExecutor.java:164)
	at org.openqa.selenium.remote.service.DriverCommandExecutor.execute(DriverCommandExecutor.java:139)
	at org.openqa.selenium.remote.RemoteWebDriver.execute(RemoteWebDriver.java:559)
	at org.openqa.selenium.remote.RemoteWebElement.execute(RemoteWebElement.java:251)
	at org.openqa.selenium.remote.RemoteWebElement.click(RemoteWebElement.java:77)
	at ui.stepDefinitions.amazonStepDefinitions.the_user_selects_the_appropriate_filter_to_list_the_products_he_has_listed(amazonStepDefinitions.java:192)
	at ✽.The user selects the appropriate filter to list the products he has listed.(file:///Users/apple-pc/Desktop/CapstoneProject3/src/test/resources/features/ui_features/productSelectAndList.feature:23)
]]></failure>
</testcase>
<testcase classname="product" name="US06_TC01 User should be able to choose random products and add to cart. You should see that the total price of the added products and the total in the basket are the same." time="31.557">
<failure message="no such element: Unable to locate element: {&quot;method&quot;:&quot;xpath&quot;,&quot;selector&quot;:&quot;(//span[@class='a-price-whole'])&quot;}&#10;  (Session info: chrome=109.0.5414.119)&#10;For documentation on this error, please visit: https://selenium.dev/exceptions/#no_such_element&#10;Build info: version: '4.0.0', revision: '3a21814679'&#10;System info: host: 'apple-pc-MacBook-Air.local', ip: 'fe80:0:0:0:4fe:e3d5:f85e:444b%en0', os.name: 'Mac OS X', os.arch: 'x86_64', os.version: '12.6', java.version: '1.8.0_362'&#10;Driver info: org.openqa.selenium.chrome.ChromeDriver&#10;Command: [768c5e6695dfa0fa385076be74585248, findElement {using=xpath, value=(//span[@class='a-price-whole'])}]&#10;Capabilities {acceptInsecureCerts: false, browserName: chrome, browserVersion: 109.0.5414.119, chrome: {chromedriverVersion: 109.0.5414.74 (e7c5703604da..., userDataDir: /var/folders/k6/vp2btb213gg...}, goog:chromeOptions: {debuggerAddress: localhost:57194}, javascriptEnabled: true, networkConnectionEnabled: false, pageLoadStrategy: normal, platform: MAC, platformName: MAC, proxy: Proxy(), se:cdp: ws://localhost:57194/devtoo..., se:cdpVersion: 109.0.5414.119, setWindowRect: true, strictFileInteractability: false, timeouts: {implicit: 0, pageLoad: 300000, script: 30000}, unhandledPromptBehavior: dismiss and notify, webauthn:extension:credBlob: true, webauthn:extension:largeBlob: true, webauthn:virtualAuthenticators: true}&#10;Session ID: 768c5e6695dfa0fa385076be74585248" type="org.openqa.selenium.NoSuchElementException"><![CDATA[Given User goes to url......................................................passed
When The user searches and lists the "macbook" he wants to buy in the search box.failed
Then The user chooses the products he wants to buy..........................skipped
And User goes to cart.......................................................skipped
And The user confirms that the selected products have been added to the cart..skipped
Then The user confirms that the total price of the selected products is the same as the total price in the basket..skipped

StackTrace:
org.openqa.selenium.NoSuchElementException: no such element: Unable to locate element: {"method":"xpath","selector":"(//span[@class='a-price-whole'])"}
  (Session info: chrome=109.0.5414.119)
For documentation on this error, please visit: https://selenium.dev/exceptions/#no_such_element
Build info: version: '4.0.0', revision: '3a21814679'
System info: host: 'apple-pc-MacBook-Air.local', ip: 'fe80:0:0:0:4fe:e3d5:f85e:444b%en0', os.name: 'Mac OS X', os.arch: 'x86_64', os.version: '12.6', java.version: '1.8.0_362'
Driver info: org.openqa.selenium.chrome.ChromeDriver
Command: [768c5e6695dfa0fa385076be74585248, findElement {using=xpath, value=(//span[@class='a-price-whole'])}]
Capabilities {acceptInsecureCerts: false, browserName: chrome, browserVersion: 109.0.5414.119, chrome: {chromedriverVersion: 109.0.5414.74 (e7c5703604da..., userDataDir: /var/folders/k6/vp2btb213gg...}, goog:chromeOptions: {debuggerAddress: localhost:57194}, javascriptEnabled: true, networkConnectionEnabled: false, pageLoadStrategy: normal, platform: MAC, platformName: MAC, proxy: Proxy(), se:cdp: ws://localhost:57194/devtoo..., se:cdpVersion: 109.0.5414.119, setWindowRect: true, strictFileInteractability: false, timeouts: {implicit: 0, pageLoad: 300000, script: 30000}, unhandledPromptBehavior: dismiss and notify, webauthn:extension:credBlob: true, webauthn:extension:largeBlob: true, webauthn:virtualAuthenticators: true}
Session ID: 768c5e6695dfa0fa385076be74585248
	at sun.reflect.NativeConstructorAccessorImpl.newInstance0(Native Method)
	at sun.reflect.NativeConstructorAccessorImpl.newInstance(NativeConstructorAccessorImpl.java:62)
	at sun.reflect.DelegatingConstructorAccessorImpl.newInstance(DelegatingConstructorAccessorImpl.java:45)
	at java.lang.reflect.Constructor.newInstance(Constructor.java:423)
	at org.openqa.selenium.remote.codec.w3c.W3CHttpResponseCodec.createException(W3CHttpResponseCodec.java:200)
	at org.openqa.selenium.remote.codec.w3c.W3CHttpResponseCodec.decode(W3CHttpResponseCodec.java:133)
	at org.openqa.selenium.remote.codec.w3c.W3CHttpResponseCodec.decode(W3CHttpResponseCodec.java:53)
	at org.openqa.selenium.remote.HttpCommandExecutor.execute(HttpCommandExecutor.java:184)
	at org.openqa.selenium.remote.service.DriverCommandExecutor.invokeExecute(DriverCommandExecutor.java:164)
	at org.openqa.selenium.remote.service.DriverCommandExecutor.execute(DriverCommandExecutor.java:139)
	at org.openqa.selenium.remote.RemoteWebDriver.execute(RemoteWebDriver.java:559)
	at org.openqa.selenium.remote.ElementLocation$ElementFinder$2.findElement(ElementLocation.java:162)
	at org.openqa.selenium.remote.ElementLocation.findElement(ElementLocation.java:60)
	at org.openqa.selenium.remote.RemoteWebDriver.findElement(RemoteWebDriver.java:383)
	at org.openqa.selenium.remote.RemoteWebDriver.findElement(RemoteWebDriver.java:375)
	at org.openqa.selenium.support.pagefactory.DefaultElementLocator.findElement(DefaultElementLocator.java:70)
	at org.openqa.selenium.support.pagefactory.internal.LocatingElementHandler.invoke(LocatingElementHandler.java:39)
	at com.sun.proxy.$Proxy20.getText(Unknown Source)
	at ui.stepDefinitions.amazonStepDefinitions.theUserSearchesAndListsTheHeWantsToBuyInTheSearchBox(amazonStepDefinitions.java:218)
	at ✽.The user searches and lists the "macbook" he wants to buy in the search box(file:///Users/apple-pc/Desktop/CapstoneProject3/src/test/resources/features/ui_features/productSelectAndList.feature:34)
]]></failure>
</testcase>
<testcase classname="product" name="US06_TC01 User should be able to choose random products and add to cart. You should see that the total price of the added products and the total in the basket are the same. 2" time="47.436">
<failure message="element click intercepted: Element &lt;a href=&quot;/gp/cart/view.html?ref_=nav_cart&quot; aria-label=&quot;0 items in cart&quot; class=&quot;nav-a nav-a-2 nav-progressive-attribute&quot; id=&quot;nav-cart&quot;&gt;...&lt;/a&gt; is not clickable at point (1863, 30). Other element would receive the click: &lt;div class=&quot;a-row a-spacing-none&quot;&gt;...&lt;/div&gt;&#10;  (Session info: chrome=109.0.5414.119)&#10;Build info: version: '4.0.0', revision: '3a21814679'&#10;System info: host: 'apple-pc-MacBook-Air.local', ip: 'fe80:0:0:0:4fe:e3d5:f85e:444b%en0', os.name: 'Mac OS X', os.arch: 'x86_64', os.version: '12.6', java.version: '1.8.0_362'&#10;Driver info: org.openqa.selenium.chrome.ChromeDriver&#10;Command: [768c5e6695dfa0fa385076be74585248, clickElement {id=87cac526-97eb-4277-bec2-2a911892e099}]&#10;Capabilities {acceptInsecureCerts: false, browserName: chrome, browserVersion: 109.0.5414.119, chrome: {chromedriverVersion: 109.0.5414.74 (e7c5703604da..., userDataDir: /var/folders/k6/vp2btb213gg...}, goog:chromeOptions: {debuggerAddress: localhost:57194}, javascriptEnabled: true, networkConnectionEnabled: false, pageLoadStrategy: normal, platform: MAC, platformName: MAC, proxy: Proxy(), se:cdp: ws://localhost:57194/devtoo..., se:cdpVersion: 109.0.5414.119, setWindowRect: true, strictFileInteractability: false, timeouts: {implicit: 0, pageLoad: 300000, script: 30000}, unhandledPromptBehavior: dismiss and notify, webauthn:extension:credBlob: true, webauthn:extension:largeBlob: true, webauthn:virtualAuthenticators: true}&#10;Element: [[ChromeDriver: chrome on MAC (768c5e6695dfa0fa385076be74585248)] -&gt; xpath: (//a[@id='nav-cart'])]&#10;Session ID: 768c5e6695dfa0fa385076be74585248" type="org.openqa.selenium.ElementClickInterceptedException"><![CDATA[Given User goes to url......................................................passed
When The user searches and lists the "gaming mouse" he wants to buy in the search box.passed
Then The user chooses the products he wants to buy..........................passed
And User goes to cart.......................................................failed
And The user confirms that the selected products have been added to the cart..skipped
Then The user confirms that the total price of the selected products is the same as the total price in the basket..skipped

StackTrace:
org.openqa.selenium.ElementClickInterceptedException: element click intercepted: Element <a href="/gp/cart/view.html?ref_=nav_cart" aria-label="0 items in cart" class="nav-a nav-a-2 nav-progressive-attribute" id="nav-cart">...</a> is not clickable at point (1863, 30). Other element would receive the click: <div class="a-row a-spacing-none">...</div>
  (Session info: chrome=109.0.5414.119)
Build info: version: '4.0.0', revision: '3a21814679'
System info: host: 'apple-pc-MacBook-Air.local', ip: 'fe80:0:0:0:4fe:e3d5:f85e:444b%en0', os.name: 'Mac OS X', os.arch: 'x86_64', os.version: '12.6', java.version: '1.8.0_362'
Driver info: org.openqa.selenium.chrome.ChromeDriver
Command: [768c5e6695dfa0fa385076be74585248, clickElement {id=87cac526-97eb-4277-bec2-2a911892e099}]
Capabilities {acceptInsecureCerts: false, browserName: chrome, browserVersion: 109.0.5414.119, chrome: {chromedriverVersion: 109.0.5414.74 (e7c5703604da..., userDataDir: /var/folders/k6/vp2btb213gg...}, goog:chromeOptions: {debuggerAddress: localhost:57194}, javascriptEnabled: true, networkConnectionEnabled: false, pageLoadStrategy: normal, platform: MAC, platformName: MAC, proxy: Proxy(), se:cdp: ws://localhost:57194/devtoo..., se:cdpVersion: 109.0.5414.119, setWindowRect: true, strictFileInteractability: false, timeouts: {implicit: 0, pageLoad: 300000, script: 30000}, unhandledPromptBehavior: dismiss and notify, webauthn:extension:credBlob: true, webauthn:extension:largeBlob: true, webauthn:virtualAuthenticators: true}
Element: [[ChromeDriver: chrome on MAC (768c5e6695dfa0fa385076be74585248)] -> xpath: (//a[@id='nav-cart'])]
Session ID: 768c5e6695dfa0fa385076be74585248
	at sun.reflect.NativeConstructorAccessorImpl.newInstance0(Native Method)
	at sun.reflect.NativeConstructorAccessorImpl.newInstance(NativeConstructorAccessorImpl.java:62)
	at sun.reflect.DelegatingConstructorAccessorImpl.newInstance(DelegatingConstructorAccessorImpl.java:45)
	at java.lang.reflect.Constructor.newInstance(Constructor.java:423)
	at org.openqa.selenium.remote.codec.w3c.W3CHttpResponseCodec.createException(W3CHttpResponseCodec.java:200)
	at org.openqa.selenium.remote.codec.w3c.W3CHttpResponseCodec.decode(W3CHttpResponseCodec.java:133)
	at org.openqa.selenium.remote.codec.w3c.W3CHttpResponseCodec.decode(W3CHttpResponseCodec.java:53)
	at org.openqa.selenium.remote.HttpCommandExecutor.execute(HttpCommandExecutor.java:184)
	at org.openqa.selenium.remote.service.DriverCommandExecutor.invokeExecute(DriverCommandExecutor.java:164)
	at org.openqa.selenium.remote.service.DriverCommandExecutor.execute(DriverCommandExecutor.java:139)
	at org.openqa.selenium.remote.RemoteWebDriver.execute(RemoteWebDriver.java:559)
	at org.openqa.selenium.remote.RemoteWebElement.execute(RemoteWebElement.java:251)
	at org.openqa.selenium.remote.RemoteWebElement.click(RemoteWebElement.java:77)
	at sun.reflect.NativeMethodAccessorImpl.invoke0(Native Method)
	at sun.reflect.NativeMethodAccessorImpl.invoke(NativeMethodAccessorImpl.java:62)
	at sun.reflect.DelegatingMethodAccessorImpl.invoke(DelegatingMethodAccessorImpl.java:43)
	at java.lang.reflect.Method.invoke(Method.java:498)
	at org.openqa.selenium.support.pagefactory.internal.LocatingElementHandler.invoke(LocatingElementHandler.java:52)
	at com.sun.proxy.$Proxy20.click(Unknown Source)
	at ui.stepDefinitions.amazonStepDefinitions.userGoesToCart(amazonStepDefinitions.java:233)
	at ✽.User goes to cart.(file:///Users/apple-pc/Desktop/CapstoneProject3/src/test/resources/features/ui_features/productSelectAndList.feature:36)
]]></failure>
</testcase>
</testsuite>
